#
# A fatal error has been detected by the Java Runtime Environment:
#
#  SIGSEGV (0xb) at pc=0x00007f364685042f, pid=5359, tid=139870987912960
#
# JRE version: 6.0_20-b20
# Java VM: OpenJDK 64-Bit Server VM (19.0-b09 mixed mode linux-amd64 compressed oops)
# Derivative: IcedTea6 1.9.7
# Distribution: Ubuntu 10.10, package 6b20-1.9.7-0ubuntu1
# Problematic frame:
# V  [libjvm.so+0x39042f]
#
# If you would like to submit a bug report, please include
# instructions how to reproduce the bug and visit:
#   https://bugs.launchpad.net/ubuntu/+source/openjdk-6/
#

---------------  T H R E A D  ---------------

Current thread (0x0000000000c47800):  JavaThread "JDWP Transport Listener: dt_socket" daemon [_thread_in_vm, id=5373, stack(0x00007f36407c8000,0x00007f36408c9000)]

siginfo:si_signo=SIGSEGV: si_errno=0, si_code=1 (SEGV_MAPERR), si_addr=0x0000000000000000

Registers:
RAX=0x0000000000000000, RBX=0x00007f36408c7510, RCX=0x00007f36418ffe20, RDX=0x0000000000000000
RSP=0x00007f36408c7160, RBP=0x00007f36408c71b0, RSI=0x00007f36469cd58f, RDI=0x0000000000ba1460
R8 =0x00007f3647cddc50, R9 =0x0000000000000010, R10=0x000000000000000a, R11=0x00007f364709476a
R12=0x0000000000d58388, R13=0x00007f36469cd58f, R14=0x00007f36408c7260, R15=0x00007f3647cddce0
RIP=0x00007f364685042f, EFL=0x0000000000010246, CSGSFS=0x0000000000000033, ERR=0x0000000000000004
  TRAPNO=0x000000000000000e

Register to memory mapping:

RAX=0x0000000000000000
0x0000000000000000 is pointing to unknown location

RBX=0x00007f36408c7510
0x00007f36408c7510 is pointing into the stack for thread: 0x0000000000c47800
"JDWP Transport Listener: dt_socket" daemon prio=10 tid=0x0000000000c47800 nid=0x14fd runnable [0x0000000000000000]
   java.lang.Thread.State: RUNNABLE

RCX=0x00007f36418ffe20
0x00007f36418ffe20 is pointing to unknown location

RDX=0x0000000000000000
0x0000000000000000 is pointing to unknown location

RSP=0x00007f36408c7160
0x00007f36408c7160 is pointing into the stack for thread: 0x0000000000c47800
"JDWP Transport Listener: dt_socket" daemon prio=10 tid=0x0000000000c47800 nid=0x14fd runnable [0x0000000000000000]
   java.lang.Thread.State: RUNNABLE

RBP=0x00007f36408c71b0
0x00007f36408c71b0 is pointing into the stack for thread: 0x0000000000c47800
"JDWP Transport Listener: dt_socket" daemon prio=10 tid=0x0000000000c47800 nid=0x14fd runnable [0x0000000000000000]
   java.lang.Thread.State: RUNNABLE

RSI=0x00007f36469cd58f
0x00007f36469cd58f: <offset 0x50d58f> in /usr/lib/jvm/java-6-openjdk/jre/lib/amd64/server/libjvm.so at 0x00007f36464c0000

RDI=0x0000000000ba1460
0x0000000000ba1460 is pointing to unknown location

R8 =0x00007f3647cddc50
0x00007f3647cddc50 is pointing into the stack for thread: 0x0000000000bab800
"main" prio=10 tid=0x0000000000bab800 nid=0x14f2 runnable [0x00007f3647dc6000]
   java.lang.Thread.State: RUNNABLE

R9 =0x0000000000000010
0x0000000000000010 is pointing to unknown location

R10=0x000000000000000a
0x000000000000000a is pointing to unknown location

R11=0x00007f364709476a
0x00007f364709476a: memset+0xea in /lib/libc.so.6 at 0x00007f364700f000

R12=0x0000000000d58388
0x0000000000d58388 is pointing to unknown location

R13=0x00007f36469cd58f
0x00007f36469cd58f: <offset 0x50d58f> in /usr/lib/jvm/java-6-openjdk/jre/lib/amd64/server/libjvm.so at 0x00007f36464c0000

R14=0x00007f36408c7260
0x00007f36408c7260 is pointing into the stack for thread: 0x0000000000c47800
"JDWP Transport Listener: dt_socket" daemon prio=10 tid=0x0000000000c47800 nid=0x14fd runnable [0x0000000000000000]
   java.lang.Thread.State: RUNNABLE

R15=0x00007f3647cddce0
0x00007f3647cddce0 is pointing into the stack for thread: 0x0000000000bab800
"main" prio=10 tid=0x0000000000bab800 nid=0x14f2 runnable [0x00007f3647dc6000]
   java.lang.Thread.State: RUNNABLE


Top of Stack: (sp=0x00007f36408c7160)
0x00007f36408c7160:   0000000000000000 00007f36418cddd0
0x00007f36408c7170:   00007f3647cddcb0 0000000000bac048
0x00007f36408c7180:   0000000000000000 00007f36408c7510
0x00007f36408c7190:   0000000000d58388 00007f36408c7260
0x00007f36408c71a0:   00007f36408c7510 0000000000c48390
0x00007f36408c71b0:   00007f36408c71e0 00007f36468509fe
0x00007f36408c71c0:   00007f36408c7590 00007f36408c7510
0x00007f36408c71d0:   00007f36408c7260 00007f36408c71f0
0x00007f36408c71e0:   00007f36408c7240 00007f364684dfec
0x00007f36408c71f0:   0000000000bab800 00007f36408c7590
0x00007f36408c7200:   00007f36408c7520 00007f3646bd9585
0x00007f36408c7210:   00007f363c6ef3c8 0000000000d58090
0x00007f36408c7220:   00007f36408c7260 0000000000d58380
0x00007f36408c7230:   00007f36408c7260 00007f3646fe4188
0x00007f36408c7240:   00007f36408c7560 00007f3646bd964d
0x00007f36408c7250:   00007f36408c72e0 00007f36408c7270
0x00007f36408c7260:   0000000000000000 0000000000000000
0x00007f36408c7270:   0000000000000000 0000000000000000
0x00007f36408c7280:   0000000000000000 0000000000000000
0x00007f36408c7290:   0000000000000000 0000000000000000
0x00007f36408c72a0:   0000000000000000 0000000000000000
0x00007f36408c72b0:   00007f3647cddc50 00007f3647cddc50
0x00007f36408c72c0:   0000000000000000 0000000000000000
0x00007f36408c72d0:   0000000000000000 0000000000000000
0x00007f36408c72e0:   0000000000000000 0000000000000000
0x00007f36408c72f0:   0000000000000000 0000000000000000
0x00007f36408c7300:   0000000000000000 0000000000000000
0x00007f36408c7310:   0000000000000000 0000000000000000
0x00007f36408c7320:   0000000000000000 0000000000000000
0x00007f36408c7330:   0000000000000000 0000000000000000
0x00007f36408c7340:   0000000000000000 0000000000000000
0x00007f36408c7350:   0000000000000000 0000000000000000 

Instructions: (pc=0x00007f364685042f)
0x00007f364685041f:   48 89 c2 74 0b 49 39 c5 0f 83 6b 01 00 00 31 d2
0x00007f364685042f:   48 8b 02 48 89 d7 48 89 55 b8 ff 50 08 84 c0 48 

Stack: [0x00007f36407c8000,0x00007f36408c9000],  sp=0x00007f36408c7160,  free space=1020k
Native frames: (J=compiled Java code, j=interpreted, Vv=VM code, C=native code)
V  [libjvm.so+0x39042f]
V  [libjvm.so+0x3909fe]
V  [libjvm.so+0x38dfec]
V  [libjvm.so+0x71964d]
V  [libjvm.so+0x718b3e]
V  [libjvm.so+0x4e11de]
V  [libjvm.so+0x4e235c]
V  [libjvm.so+0x4d7784]
V  [libjvm.so+0x49988e]
C  [libjdwp.so+0xa71a]
C  [libjdwp.so+0x114d8]
C  [libjdwp.so+0x2384e]
V  [libjvm.so+0x4f747b]
V  [libjvm.so+0x6e75eb]
V  [libjvm.so+0x5e39f2]


---------------  P R O C E S S  ---------------

Java Threads: ( => current thread )
  0x0000000000f18800 JavaThread "SIGTERM handler" daemon [_thread_in_native, id=5383, stack(0x00007f36405c6000,0x00007f36406c7000)]
  0x0000000000c69800 JavaThread "Low Memory Detector" daemon [_thread_blocked, id=5381, stack(0x00007f36402c3000,0x00007f36403c4000)]
  0x0000000000c64800 JavaThread "CompilerThread1" daemon [_thread_blocked, id=5380, stack(0x00007f36403c4000,0x00007f36404c5000)]
  0x0000000000c61800 JavaThread "CompilerThread0" daemon [_thread_blocked, id=5379, stack(0x00007f36404c5000,0x00007f36405c6000)]
  0x0000000000c4b800 JavaThread "JDWP Event Helper Thread" daemon [_thread_blocked, id=5376, stack(0x00007f36406c7000,0x00007f36407c8000)]
=>0x0000000000c47800 JavaThread "JDWP Transport Listener: dt_socket" daemon [_thread_in_vm, id=5373, stack(0x00007f36407c8000,0x00007f36408c9000)]
  0x0000000000c3c800 JavaThread "Signal Dispatcher" daemon [_thread_blocked, id=5371, stack(0x00007f3640ace000,0x00007f3640bcf000)]
  0x0000000000c19000 JavaThread "Finalizer" daemon [_thread_blocked, id=5370, stack(0x00007f3640bcf000,0x00007f3640cd0000)]
  0x0000000000c17000 JavaThread "Reference Handler" daemon [_thread_blocked, id=5369, stack(0x00007f3640cd0000,0x00007f3640dd1000)]
  0x0000000000bab800 JavaThread "main" [_thread_in_Java, id=5362, stack(0x00007f3647cc7000,0x00007f3647dc8000)]

Other Threads:
  0x0000000000c10000 VMThread [stack: 0x00007f3640dd1000,0x00007f3640ed2000] [id=5368]

VM state:not at safepoint (normal execution)

VM Mutex/Monitor currently owned by a thread: None

Heap
 PSYoungGen      total 13440K, used 4610K [0x00000000f0f60000, 0x00000000f1e60000, 0x0000000100000000)
  eden space 11520K, 40% used [0x00000000f0f60000,0x00000000f13e0938,0x00000000f1aa0000)
  from space 1920K, 0% used [0x00000000f1c80000,0x00000000f1c80000,0x00000000f1e60000)
  to   space 1920K, 0% used [0x00000000f1aa0000,0x00000000f1aa0000,0x00000000f1c80000)
 PSOldGen        total 30848K, used 0K [0x00000000d2e00000, 0x00000000d4c20000, 0x00000000f0f60000)
  object space 30848K, 0% used [0x00000000d2e00000,0x00000000d2e00000,0x00000000d4c20000)
 PSPermGen       total 21248K, used 2910K [0x00000000c8800000, 0x00000000c9cc0000, 0x00000000d2e00000)
  object space 21248K, 13% used [0x00000000c8800000,0x00000000c8ad79f8,0x00000000c9cc0000)

Dynamic libraries:
00400000-00409000 r-xp 00000000 08:03 1450743                            /usr/lib/jvm/java-6-openjdk/jre/bin/java
00608000-00609000 r--p 00008000 08:03 1450743                            /usr/lib/jvm/java-6-openjdk/jre/bin/java
00609000-0060a000 rw-p 00009000 08:03 1450743                            /usr/lib/jvm/java-6-openjdk/jre/bin/java
00ba0000-01089000 rw-p 00000000 00:00 0                                  [heap]
c8800000-c9cc0000 rw-p 00000000 00:00 0 
c9cc0000-d2e00000 rw-p 00000000 00:00 0 
d2e00000-d4c20000 rw-p 00000000 00:00 0 
d4c20000-f0f60000 rw-p 00000000 00:00 0 
f0f60000-f1e60000 rw-p 00000000 00:00 0 
f1e60000-100000000 rw-p 00000000 00:00 0 
7f363c000000-7f363c756000 rw-p 00000000 00:00 0 
7f363c756000-7f3640000000 ---p 00000000 00:00 0 
7f36401c2000-7f36401c3000 ---p 00000000 00:00 0 
7f36401c3000-7f36402c3000 rw-p 00000000 00:00 0 
7f36402c3000-7f36402c6000 ---p 00000000 00:00 0 
7f36402c6000-7f36403c4000 rw-p 00000000 00:00 0 
7f36403c4000-7f36403c7000 ---p 00000000 00:00 0 
7f36403c7000-7f36404c5000 rw-p 00000000 00:00 0 
7f36404c5000-7f36404c8000 ---p 00000000 00:00 0 
7f36404c8000-7f36405c6000 rw-p 00000000 00:00 0 
7f36405c6000-7f36405c9000 ---p 00000000 00:00 0 
7f36405c9000-7f36406c7000 rw-p 00000000 00:00 0 
7f36406c7000-7f36406ca000 ---p 00000000 00:00 0 
7f36406ca000-7f36407c8000 rw-p 00000000 00:00 0 
7f36407c8000-7f36407cb000 ---p 00000000 00:00 0 
7f36407cb000-7f36408c9000 rw-p 00000000 00:00 0 
7f36408c9000-7f36408cd000 r-xp 00000000 08:03 1450750                    /usr/lib/jvm/java-6-openjdk/jre/lib/amd64/libdt_socket.so
7f36408cd000-7f3640acc000 ---p 00004000 08:03 1450750                    /usr/lib/jvm/java-6-openjdk/jre/lib/amd64/libdt_socket.so
7f3640acc000-7f3640acd000 r--p 00003000 08:03 1450750                    /usr/lib/jvm/java-6-openjdk/jre/lib/amd64/libdt_socket.so
7f3640acd000-7f3640ace000 rw-p 00004000 08:03 1450750                    /usr/lib/jvm/java-6-openjdk/jre/lib/amd64/libdt_socket.so
7f3640ace000-7f3640ad1000 ---p 00000000 00:00 0 
7f3640ad1000-7f3640bcf000 rw-p 00000000 00:00 0 
7f3640bcf000-7f3640bd2000 ---p 00000000 00:00 0 
7f3640bd2000-7f3640cd0000 rw-p 00000000 00:00 0 
7f3640cd0000-7f3640cd3000 ---p 00000000 00:00 0 
7f3640cd3000-7f3640dd1000 rw-p 00000000 00:00 0 
7f3640dd1000-7f3640dd2000 ---p 00000000 00:00 0 
7f3640dd2000-7f36411d5000 rw-p 00000000 00:00 0 
7f36411d5000-7f36411d7000 r--s 0001d000 08:03 1311360                    /usr/lib/jvm/java-6-openjdk/jre/lib/plugin.jar
7f36411d7000-7f36411dc000 r--s 00044000 08:03 1312084                    /usr/lib/jvm/java-6-openjdk/jre/lib/netx.jar
7f36411dc000-7f364120f000 rw-p 00000000 00:00 0 
7f364120f000-7f364139e000 r--s 038c2000 08:03 1312180                    /usr/lib/jvm/java-6-openjdk/jre/lib/rt.jar
7f364139e000-7f36413c6000 rw-p 00000000 00:00 0 
7f36413c6000-7f36413c7000 ---p 00000000 00:00 0 
7f36413c7000-7f36414c7000 rw-p 00000000 00:00 0 
7f36414c7000-7f36414c8000 ---p 00000000 00:00 0 
7f36414c8000-7f36415d3000 rw-p 00000000 00:00 0 
7f36415d3000-7f364161b000 rw-p 00000000 00:00 0 
7f364161b000-7f364162b000 rw-p 00000000 00:00 0 
7f364162b000-7f364170c000 rw-p 00000000 00:00 0 
7f364170c000-7f3641717000 rw-p 00000000 00:00 0 
7f3641717000-7f364175f000 rw-p 00000000 00:00 0 
7f364175f000-7f364176f000 rw-p 00000000 00:00 0 
7f364176f000-7f364184f000 rw-p 00000000 00:00 0 
7f364184f000-7f3641858000 rw-p 00000000 00:00 0 
7f3641858000-7f36418c8000 rw-p 00000000 00:00 0 
7f36418c8000-7f36418c9000 rw-p 00000000 00:00 0 
7f36418c9000-7f3641b39000 rwxp 00000000 00:00 0 
7f3641b39000-7f36448c9000 rw-p 00000000 00:00 0 
7f36448c9000-7f36448d0000 r-xp 00000000 08:03 1450773                    /usr/lib/jvm/java-6-openjdk/jre/lib/amd64/libzip.so
7f36448d0000-7f3644acf000 ---p 00007000 08:03 1450773                    /usr/lib/jvm/java-6-openjdk/jre/lib/amd64/libzip.so
7f3644acf000-7f3644ad0000 r--p 00006000 08:03 1450773                    /usr/lib/jvm/java-6-openjdk/jre/lib/amd64/libzip.so
7f3644ad0000-7f3644ad1000 rw-p 00007000 08:03 1450773                    /usr/lib/jvm/java-6-openjdk/jre/lib/amd64/libzip.so
7f3644ad1000-7f3644add000 r-xp 00000000 08:03 3285521                    /lib/libnss_files-2.12.1.so
7f3644add000-7f3644cdc000 ---p 0000c000 08:03 3285521                    /lib/libnss_files-2.12.1.so
7f3644cdc000-7f3644cdd000 r--p 0000b000 08:03 3285521                    /lib/libnss_files-2.12.1.so
7f3644cdd000-7f3644cde000 rw-p 0000c000 08:03 3285521                    /lib/libnss_files-2.12.1.so
7f3644cde000-7f3644ce8000 r-xp 00000000 08:03 3285516                    /lib/libnss_nis-2.12.1.so
7f3644ce8000-7f3644ee7000 ---p 0000a000 08:03 3285516                    /lib/libnss_nis-2.12.1.so
7f3644ee7000-7f3644ee8000 r--p 00009000 08:03 3285516                    /lib/libnss_nis-2.12.1.so
7f3644ee8000-7f3644ee9000 rw-p 0000a000 08:03 3285516                    /lib/libnss_nis-2.12.1.so
7f3644ee9000-7f3644ef1000 r-xp 00000000 08:03 3285518                    /lib/libnss_compat-2.12.1.so
7f3644ef1000-7f36450f0000 ---p 00008000 08:03 3285518                    /lib/libnss_compat-2.12.1.so
7f36450f0000-7f36450f1000 r--p 00007000 08:03 3285518                    /lib/libnss_compat-2.12.1.so
7f36450f1000-7f36450f2000 rw-p 00008000 08:03 3285518                    /lib/libnss_compat-2.12.1.so
7f36450f2000-7f3645396000 r--p 00000000 08:03 1312135                    /usr/lib/locale/locale-archive
7f3645396000-7f3645399000 r-xp 00000000 08:03 1450765                    /usr/lib/jvm/java-6-openjdk/jre/lib/amd64/libnpt.so
7f3645399000-7f3645598000 ---p 00003000 08:03 1450765                    /usr/lib/jvm/java-6-openjdk/jre/lib/amd64/libnpt.so
7f3645598000-7f3645599000 r--p 00002000 08:03 1450765                    /usr/lib/jvm/java-6-openjdk/jre/lib/amd64/libnpt.so
7f3645599000-7f364559a000 rw-p 00003000 08:03 1450765                    /usr/lib/jvm/java-6-openjdk/jre/lib/amd64/libnpt.so
7f364559a000-7f36455d3000 r-xp 00000000 08:03 1450764                    /usr/lib/jvm/java-6-openjdk/jre/lib/amd64/libjdwp.so
7f36455d3000-7f36457d2000 ---p 00039000 08:03 1450764                    /usr/lib/jvm/java-6-openjdk/jre/lib/amd64/libjdwp.so
7f36457d2000-7f36457d3000 r--p 00038000 08:03 1450764                    /usr/lib/jvm/java-6-openjdk/jre/lib/amd64/libjdwp.so
7f36457d3000-7f36457d4000 rw-p 00039000 08:03 1450764                    /usr/lib/jvm/java-6-openjdk/jre/lib/amd64/libjdwp.so
7f36457d4000-7f36457dc000 r-xp 00000000 08:03 1450782                    /usr/lib/jvm/java-6-openjdk/jre/lib/amd64/native_threads/libhpi.so
7f36457dc000-7f36459db000 ---p 00008000 08:03 1450782                    /usr/lib/jvm/java-6-openjdk/jre/lib/amd64/native_threads/libhpi.so
7f36459db000-7f36459dc000 r--p 00007000 08:03 1450782                    /usr/lib/jvm/java-6-openjdk/jre/lib/amd64/native_threads/libhpi.so
7f36459dc000-7f36459dd000 rw-p 00008000 08:03 1450782                    /usr/lib/jvm/java-6-openjdk/jre/lib/amd64/native_threads/libhpi.so
7f36459dd000-7f36459f4000 r-xp 00000000 08:03 3285520                    /lib/libnsl-2.12.1.so
7f36459f4000-7f3645bf3000 ---p 00017000 08:03 3285520                    /lib/libnsl-2.12.1.so
7f3645bf3000-7f3645bf4000 r--p 00016000 08:03 3285520                    /lib/libnsl-2.12.1.so
7f3645bf4000-7f3645bf5000 rw-p 00017000 08:03 3285520                    /lib/libnsl-2.12.1.so
7f3645bf5000-7f3645bf7000 rw-p 00000000 00:00 0 
7f3645bf7000-7f3645c22000 r-xp 00000000 08:03 1450772                    /usr/lib/jvm/java-6-openjdk/jre/lib/amd64/libjava.so
7f3645c22000-7f3645e21000 ---p 0002b000 08:03 1450772                    /usr/lib/jvm/java-6-openjdk/jre/lib/amd64/libjava.so
7f3645e21000-7f3645e22000 r--p 0002a000 08:03 1450772                    /usr/lib/jvm/java-6-openjdk/jre/lib/amd64/libjava.so
7f3645e22000-7f3645e25000 rw-p 0002b000 08:03 1450772                    /usr/lib/jvm/java-6-openjdk/jre/lib/amd64/libjava.so
7f3645e25000-7f3645e33000 r-xp 00000000 08:03 1450758                    /usr/lib/jvm/java-6-openjdk/jre/lib/amd64/libverify.so
7f3645e33000-7f3646032000 ---p 0000e000 08:03 1450758                    /usr/lib/jvm/java-6-openjdk/jre/lib/amd64/libverify.so
7f3646032000-7f3646034000 r--p 0000d000 08:03 1450758                    /usr/lib/jvm/java-6-openjdk/jre/lib/amd64/libverify.so
7f3646034000-7f3646035000 rw-p 0000f000 08:03 1450758                    /usr/lib/jvm/java-6-openjdk/jre/lib/amd64/libverify.so
7f3646035000-7f364603c000 r-xp 00000000 08:03 3285505                    /lib/librt-2.12.1.so
7f364603c000-7f364623b000 ---p 00007000 08:03 3285505                    /lib/librt-2.12.1.so
7f364623b000-7f364623c000 r--p 00006000 08:03 3285505                    /lib/librt-2.12.1.so
7f364623c000-7f364623d000 rw-p 00007000 08:03 3285505                    /lib/librt-2.12.1.so
7f364623d000-7f36462bf000 r-xp 00000000 08:03 3285514                    /lib/libm-2.12.1.so
7f36462bf000-7f36464be000 ---p 00082000 08:03 3285514                    /lib/libm-2.12.1.so
7f36464be000-7f36464bf000 r--p 00081000 08:03 3285514                    /lib/libm-2.12.1.so
7f36464bf000-7f36464c0000 rw-p 00082000 08:03 3285514                    /lib/libm-2.12.1.so
7f36464c0000-7f3646d45000 r-xp 00000000 08:03 1450775                    /usr/lib/jvm/java-6-openjdk/jre/lib/amd64/server/libjvm.so
7f3646d45000-7f3646f45000 ---p 00885000 08:03 1450775                    /usr/lib/jvm/java-6-openjdk/jre/lib/amd64/server/libjvm.so
7f3646f45000-7f3646fbb000 r--p 00885000 08:03 1450775                    /usr/lib/jvm/java-6-openjdk/jre/lib/amd64/server/libjvm.so
7f3646fbb000-7f3646fd6000 rw-p 008fb000 08:03 1450775                    /usr/lib/jvm/java-6-openjdk/jre/lib/amd64/server/libjvm.so
7f3646fd6000-7f364700f000 rw-p 00000000 00:00 0 
7f364700f000-7f3647189000 r-xp 00000000 08:03 3285507                    /lib/libc-2.12.1.so
7f3647189000-7f3647388000 ---p 0017a000 08:03 3285507                    /lib/libc-2.12.1.so
7f3647388000-7f364738c000 r--p 00179000 08:03 3285507                    /lib/libc-2.12.1.so
7f364738c000-7f364738d000 rw-p 0017d000 08:03 3285507                    /lib/libc-2.12.1.so
7f364738d000-7f3647392000 rw-p 00000000 00:00 0 
7f3647392000-7f3647394000 r-xp 00000000 08:03 3285523                    /lib/libdl-2.12.1.so
7f3647394000-7f3647594000 ---p 00002000 08:03 3285523                    /lib/libdl-2.12.1.so
7f3647594000-7f3647595000 r--p 00002000 08:03 3285523                    /lib/libdl-2.12.1.so
7f3647595000-7f3647596000 rw-p 00003000 08:03 3285523                    /lib/libdl-2.12.1.so
7f3647596000-7f364759a000 r-xp 00000000 08:03 1450756                    /usr/lib/jvm/java-6-openjdk/jre/lib/amd64/jli/libjli.so
7f364759a000-7f3647799000 ---p 00004000 08:03 1450756                    /usr/lib/jvm/java-6-openjdk/jre/lib/amd64/jli/libjli.so
7f3647799000-7f364779a000 r--p 00003000 08:03 1450756                    /usr/lib/jvm/java-6-openjdk/jre/lib/amd64/jli/libjli.so
7f364779a000-7f364779b000 rw-p 00004000 08:03 1450756                    /usr/lib/jvm/java-6-openjdk/jre/lib/amd64/jli/libjli.so
7f364779b000-7f36477b3000 r-xp 00000000 08:03 3285509                    /lib/libpthread-2.12.1.so
7f36477b3000-7f36479b2000 ---p 00018000 08:03 3285509                    /lib/libpthread-2.12.1.so
7f36479b2000-7f36479b3000 r--p 00017000 08:03 3285509                    /lib/libpthread-2.12.1.so
7f36479b3000-7f36479b4000 rw-p 00018000 08:03 3285509                    /lib/libpthread-2.12.1.so
7f36479b4000-7f36479b8000 rw-p 00000000 00:00 0 
7f36479b8000-7f36479ce000 r-xp 00000000 08:03 3276994                    /lib/libz.so.1.2.3.4
7f36479ce000-7f3647bce000 ---p 00016000 08:03 3276994                    /lib/libz.so.1.2.3.4
7f3647bce000-7f3647bcf000 r--p 00016000 08:03 3276994                    /lib/libz.so.1.2.3.4
7f3647bcf000-7f3647bd0000 rw-p 00017000 08:03 3276994                    /lib/libz.so.1.2.3.4
7f3647bd0000-7f3647bf0000 r-xp 00000000 08:03 3285515                    /lib/ld-2.12.1.so
7f3647c07000-7f3647c11000 rw-p 00000000 00:00 0 
7f3647c11000-7f3647cc7000 rw-p 00000000 00:00 0 
7f3647cc7000-7f3647cca000 ---p 00000000 00:00 0 
7f3647cca000-7f3647dcd000 rw-p 00000000 00:00 0 
7f3647dd7000-7f3647dd9000 r--s 0000d000 08:03 1323449                    /usr/lib/jvm/java-6-openjdk/jre/lib/ext/RXTXcomm.jar
7f3647dd9000-7f3647de1000 r--s 00066000 08:03 1713362                    /usr/share/java/gnome-java-bridge.jar
7f3647de1000-7f3647de4000 r--s 0000f000 08:03 1312169                    /usr/lib/jvm/java-6-openjdk/jre/lib/ext/pulse-java.jar
7f3647de4000-7f3647dec000 rw-s 00000000 08:03 3674339                    /tmp/hsperfdata_marco/5359
7f3647dec000-7f3647ded000 rw-p 00000000 00:00 0 
7f3647ded000-7f3647dee000 r--p 00000000 00:00 0 
7f3647dee000-7f3647df0000 rw-p 00000000 00:00 0 
7f3647df0000-7f3647df1000 r--p 00020000 08:03 3285515                    /lib/ld-2.12.1.so
7f3647df1000-7f3647df2000 rw-p 00021000 08:03 3285515                    /lib/ld-2.12.1.so
7f3647df2000-7f3647df3000 rw-p 00000000 00:00 0 
7fffe0022000-7fffe0043000 rw-p 00000000 00:00 0                          [stack]
7fffe0123000-7fffe0124000 r-xp 00000000 00:00 0                          [vdso]
ffffffffff600000-ffffffffff601000 r-xp 00000000 00:00 0                  [vsyscall]

VM Arguments:
jvm_args: -agentlib:jdwp=transport=dt_socket,suspend=y,address=localhost:40593 -Dfile.encoding=UTF-8 
java_command: loltest
Launcher Type: SUN_STANDARD

Environment Variables:
PATH=/home/marco/bin:/usr/local/sbin:/usr/local/bin:/usr/sbin:/usr/bin:/sbin:/bin:/usr/games
USERNAME=marco
LD_LIBRARY_PATH=/usr/lib/jvm/java-6-openjdk/jre/lib/amd64/server:/usr/lib/jvm/java-6-openjdk/jre/lib/amd64:/usr/lib/jvm/java-6-openjdk/jre/../lib/amd64:/usr/lib64/xulrunner-addons
SHELL=/bin/bash
DISPLAY=:0.0

Signal Handlers:
SIGSEGV: [libjvm.so+0x723630], sa_mask[0]=0x7ffbfeff, sa_flags=0x10000004
SIGBUS: [libjvm.so+0x723630], sa_mask[0]=0x7ffbfeff, sa_flags=0x10000004
SIGFPE: [libjvm.so+0x5e0000], sa_mask[0]=0x7ffbfeff, sa_flags=0x10000004
SIGPIPE: [libjvm.so+0x5e0000], sa_mask[0]=0x7ffbfeff, sa_flags=0x10000004
SIGXFSZ: [libjvm.so+0x5e0000], sa_mask[0]=0x7ffbfeff, sa_flags=0x10000004
SIGILL: [libjvm.so+0x5e0000], sa_mask[0]=0x7ffbfeff, sa_flags=0x10000004
SIGUSR1: SIG_DFL, sa_mask[0]=0x00000000, sa_flags=0x00000000
SIGUSR2: [libjvm.so+0x5df710], sa_mask[0]=0x00000004, sa_flags=0x10000004
SIGHUP: [libjvm.so+0x5e2180], sa_mask[0]=0x7ffbfeff, sa_flags=0x10000004
SIGINT: [libjvm.so+0x5e2180], sa_mask[0]=0x7ffbfeff, sa_flags=0x10000004
SIGTERM: [libjvm.so+0x5e2180], sa_mask[0]=0x7ffbfeff, sa_flags=0x10000004
SIGQUIT: [libjvm.so+0x5e2180], sa_mask[0]=0x7ffbfeff, sa_flags=0x10000004


---------------  S Y S T E M  ---------------

OS:Ubuntu 10.10 (maverick)
uname:Linux 2.6.35-27-generic #48-Ubuntu SMP Tue Feb 22 20:25:46 UTC 2011 x86_64
libc:glibc 2.12.1 NPTL 2.12.1 
rlimit: STACK 8192k, CORE 0k, NPROC infinity, NOFILE 1024, AS infinity
load average:0.92 0.29 0.19

/proc/meminfo:
MemTotal:        2956348 kB
MemFree:           66832 kB
Buffers:           48476 kB
Cached:          1018548 kB
SwapCached:            0 kB
Active:          1926544 kB
Inactive:         753120 kB
Active(anon):    1641144 kB
Inactive(anon):   123936 kB
Active(file):     285400 kB
Inactive(file):   629184 kB
Unevictable:         144 kB
Mlocked:             112 kB
SwapTotal:             0 kB
SwapFree:              0 kB
Dirty:             10156 kB
Writeback:             0 kB
AnonPages:       1612684 kB
Mapped:           220976 kB
Shmem:            152508 kB
Slab:              64676 kB
SReclaimable:      37164 kB
SUnreclaim:        27512 kB
KernelStack:        3864 kB
PageTables:        40608 kB
NFS_Unstable:          0 kB
Bounce:                0 kB
WritebackTmp:          0 kB
CommitLimit:     1478172 kB
Committed_AS:    4162120 kB
VmallocTotal:   34359738367 kB
VmallocUsed:      373564 kB
VmallocChunk:   34359287968 kB
HardwareCorrupted:     0 kB
HugePages_Total:       0
HugePages_Free:        0
HugePages_Rsvd:        0
HugePages_Surp:        0
Hugepagesize:       2048 kB
DirectMap4k:       11264 kB
DirectMap2M:     3000320 kB


CPU:total 2 (2 cores per cpu, 1 threads per core) family 6 model 23 stepping 10, cmov, cx8, fxsr, mmx, sse, sse2, sse3, ssse3

Memory: 4k page, physical 2956348k(66832k free), swap 0k(0k free)

vm_info: OpenJDK 64-Bit Server VM (19.0-b09) for linux-amd64 JRE (1.6.0_20-b20), built on Feb 23 2011 09:05:53 by "buildd" with gcc 4.4.5

time: Fri Mar 25 23:12:31 2011
elapsed time: 9 seconds

